INFO : 2021-04-20 02:05:50,007 : setup ran
INFO : 2021-04-20 02:05:50,034 : pic_label ran
INFO : 2021-04-20 02:05:50,049 : startup ran
INFO : 2021-04-20 02:05:50,049 : all_functs ran
INFO : 2021-04-20 02:06:04,938 : run has been run because the start button has been clicked
INFO : 2021-04-20 02:06:04,938 : scr_clr_h ran
INFO : 2021-04-20 02:06:04,938 : main ran
INFO : 2021-04-20 02:06:12,069 : file_select ran
INFO : 2021-04-20 02:06:20,264 : the drop na method has been run on the dataframe
INFO : 2021-04-20 02:06:20,264 : pull_columns ran
INFO : 2021-04-20 02:06:30,368 : graph_type_selection ran
INFO : 2021-04-20 02:06:30,369 : scr_clr_v ran
INFO : 2021-04-20 02:06:30,369 : btn_crtn_vlay ran
INFO : 2021-04-20 02:06:30,389 : pull_columns ran
INFO : 2021-04-20 02:06:30,389 : add_widget ran
INFO : 2021-04-20 02:06:40,821 : x_set ran
INFO : 2021-04-20 02:06:40,821 : x has been set
INFO : 2021-04-20 02:06:42,648 : y_set ran
INFO : 2021-04-20 02:06:42,648 : y has been set
INFO : 2021-04-20 02:06:44,452 : y_data_change ran
INFO : 2021-04-20 02:06:44,452 : the y data modifier has been run
INFO : 2021-04-20 02:06:51,553 : graph ran
INFO : 2021-04-20 02:06:51,586 : graph and do_graph ran because the graph button was pushed
INFO : 2021-04-20 02:06:51,586 : the dataframe has been cleaned
INFO : 2021-04-20 02:06:51,592 : data_check ran
INFO : 2021-04-20 02:06:54,078 : file_select ran
INFO : 2021-04-20 02:06:56,959 : the drop na method has been run on the dataframe
INFO : 2021-04-20 02:06:56,969 : pull_columns ran
INFO : 2021-04-20 02:07:02,871 : file_select ran
INFO : 2021-04-20 02:07:07,223 : the drop na method has been run on the dataframe
INFO : 2021-04-20 02:07:07,227 : pull_columns ran
INFO : 2021-04-20 02:07:08,986 : x_set ran
INFO : 2021-04-20 02:07:08,986 : x has been set
INFO : 2021-04-20 02:07:10,696 : y_set ran
INFO : 2021-04-20 02:07:10,696 : y has been set
INFO : 2021-04-20 02:07:26,289 : graph_type_selection ran
INFO : 2021-04-20 02:07:26,289 : scr_clr_v ran
INFO : 2021-04-20 02:07:26,289 : btn_crtn_vlay ran
INFO : 2021-04-20 02:07:26,289 : pull_columns ran
INFO : 2021-04-20 02:07:26,289 : add_widget ran
INFO : 2021-04-20 02:07:29,138 : x_set ran
INFO : 2021-04-20 02:07:29,138 : x has been set
INFO : 2021-04-20 02:07:30,430 : y_set ran
INFO : 2021-04-20 02:07:30,430 : y has been set
INFO : 2021-04-20 02:07:32,292 : y_data_change ran
INFO : 2021-04-20 02:07:32,292 : the y data modifier has been run
INFO : 2021-04-20 02:07:53,852 : graph ran
INFO : 2021-04-20 02:07:53,884 : graph and do_graph ran because the graph button was pushed
INFO : 2021-04-20 02:07:53,884 : the dataframe has been cleaned
INFO : 2021-04-20 02:08:01,247 : data_check ran
INFO : 2021-04-20 02:08:26,953 : y_data_change ran
INFO : 2021-04-20 02:08:26,953 : the y data modifier has been run
INFO : 2021-04-20 02:08:30,352 : graph ran
INFO : 2021-04-20 02:08:30,566 : graph and do_graph ran because the graph button was pushed
INFO : 2021-04-20 02:08:30,566 : the dataframe has been cleaned
INFO : 2021-04-20 02:08:39,553 : data_check ran
INFO : 2021-04-20 02:09:28,755 : file_select ran
INFO : 2021-04-20 02:09:32,572 : the drop na method has been run on the dataframe
INFO : 2021-04-20 02:09:32,572 : pull_columns ran
INFO : 2021-04-20 02:09:35,514 : title_selection ran
INFO : 2021-04-20 02:09:37,473 : file_select ran
INFO : 2021-04-20 02:09:39,798 : the drop na method has been run on the dataframe
INFO : 2021-04-20 02:09:39,813 : pull_columns ran
INFO : 2021-04-20 02:10:22,383 : x_set ran
INFO : 2021-04-20 02:10:22,383 : x has been set
INFO : 2021-04-20 02:10:24,139 : y_set ran
INFO : 2021-04-20 02:10:24,139 : y has been set
INFO : 2021-04-20 02:10:39,854 : y_data_change ran
INFO : 2021-04-20 02:10:39,854 : the y data modifier has been run
INFO : 2021-04-20 02:10:40,487 : graph ran
WARNING : 2021-04-20 02:10:43,469 : user skipped the select graph type box
INFO : 2021-04-20 02:10:47,452 : graph_type_selection ran
INFO : 2021-04-20 02:10:47,452 : scr_clr_v ran
INFO : 2021-04-20 02:10:47,452 : btn_crtn_vlay ran
INFO : 2021-04-20 02:10:47,452 : pull_columns ran
INFO : 2021-04-20 02:10:47,452 : add_widget ran
INFO : 2021-04-20 02:10:49,240 : x_set ran
INFO : 2021-04-20 02:10:49,240 : x has been set
INFO : 2021-04-20 02:10:51,182 : y_set ran
INFO : 2021-04-20 02:10:51,182 : y has been set
INFO : 2021-04-20 02:10:53,126 : y_data_change ran
INFO : 2021-04-20 02:10:53,126 : the y data modifier has been run
INFO : 2021-04-20 02:11:09,554 : graph ran
INFO : 2021-04-20 02:11:09,585 : graph and do_graph ran because the graph button was pushed
INFO : 2021-04-20 02:11:09,585 : the dataframe has been cleaned
INFO : 2021-04-20 02:11:09,605 : data_check ran
INFO : 2021-04-20 02:12:28,363 : y_data_change ran
INFO : 2021-04-20 02:12:28,363 : the y data modifier has been run
INFO : 2021-04-20 02:12:31,862 : graph ran
INFO : 2021-04-20 02:12:31,904 : graph and do_graph ran because the graph button was pushed
INFO : 2021-04-20 02:12:31,904 : the dataframe has been cleaned
INFO : 2021-04-20 02:12:31,913 : data_check ran
INFO : 2021-04-20 02:12:41,767 : graph_type_selection ran
INFO : 2021-04-20 02:12:41,767 : scr_clr_v ran
INFO : 2021-04-20 02:12:41,767 : btn_crtn_vlay ran
INFO : 2021-04-20 02:12:41,771 : pull_columns ran
INFO : 2021-04-20 02:12:41,772 : add_widget ran
INFO : 2021-04-20 02:12:43,760 : x_set ran
INFO : 2021-04-20 02:12:43,760 : x has been set
INFO : 2021-04-20 02:12:45,271 : y_set ran
INFO : 2021-04-20 02:12:45,271 : y has been set
INFO : 2021-04-20 02:12:46,782 : y_data_change ran
INFO : 2021-04-20 02:12:46,782 : the y data modifier has been run
INFO : 2021-04-20 02:12:47,324 : graph ran
INFO : 2021-04-20 02:12:47,362 : graph and do_graph ran because the graph button was pushed
INFO : 2021-04-20 02:12:47,363 : the dataframe has been cleaned
INFO : 2021-04-20 02:12:54,533 : data_check ran
INFO : 2021-04-20 02:13:58,041 : exit has been run because the exit button was pushed
INFO : 2021-04-20 02:13:58,041 : scr_clr_h ran
INFO : 2021-04-20 02:13:58,041 : setup ran
INFO : 2021-04-20 02:13:58,047 : pic_label ran
INFO : 2021-04-20 02:13:58,207 : startup ran
INFO : 2021-04-20 02:13:58,210 : all_functs ran
INFO : 2021-04-20 02:14:06,661 : clean_prep has been run because the clean data button has been clicked
INFO : 2021-04-20 02:14:06,661 : scr_clr_h ran
INFO : 2021-04-20 02:14:06,661 : data_clean ran
INFO : 2021-04-20 02:14:24,054 : file_select ran
INFO : 2021-04-20 02:14:30,893 : the drop na method has been run on the dataframe
INFO : 2021-04-20 02:14:30,896 : pull_columns ran
INFO : 2021-04-20 02:14:46,524 : prep_data ran
INFO : 2021-04-20 02:15:04,714 : file_select ran
INFO : 2021-04-20 02:15:06,360 : the drop na method has been run on the dataframe
INFO : 2021-04-20 02:15:06,362 : pull_columns ran
INFO : 2021-04-20 02:15:10,092 : prep_data ran
INFO : 2021-04-20 02:15:27,173 : file_select ran
INFO : 2021-04-20 02:15:29,055 : the drop na method has been run on the dataframe
INFO : 2021-04-20 02:15:29,062 : pull_columns ran
INFO : 2021-04-20 02:15:29,896 : prep_data ran
INFO : 2021-04-20 02:16:24,323 : file_select ran
ERROR : 2021-04-20 02:16:34,831 : The user did not select a file
INFO : 2021-04-20 02:16:39,997 : col_drop ran
INFO : 2021-04-20 02:16:40,904 : prep_data ran
INFO : 2021-04-20 02:16:43,767 : col_drop ran
INFO : 2021-04-20 02:16:44,544 : prep_data ran
INFO : 2021-04-20 02:18:18,924 : col_drop ran
